<?xml version="1.0" encoding="UTF-8"?>
<!-- Generated by org.testng.reporters.JUnitReportReporter -->
<testsuite hostname="Lenovo" failures="0" tests="1" name="Rediff.Login" time="0.012" errors="0" timestamp="2022-10-21T05:33:46 IST" skipped="0">
  <testcase classname="Rediff.Login" name="login" time="0.012"/>
  <system-out/>
</testsuite> <!-- Rediff.Login -->
